<?xml version="1.0" encoding="utf-8"?><testsuites name="pytest tests"><testsuite name="pytest" errors="0" failures="0" skipped="0" tests="41" time="4.545" timestamp="2026-07-21T20:58:10.666452+00:00" hostname="agent-env-96565ad5-2969-4e23-9aa7-5c23c061accf"><testcase classname="backend.tests.test_lobiimo_backend" name="test_health" time="0.262" /><testcase classname="backend.tests.test_lobiimo_backend" name="test_register_client" time="0.297" /><testcase classname="backend.tests.test_lobiimo_backend" name="test_register_owner" time="0.278" /><testcase classname="backend.tests.test_lobiimo_backend" name="test_register_owner_2" time="0.275" /><testcase classname="backend.tests.test_lobiimo_backend" name="test_register_admin_rejected" time="0.057" /><testcase classname="backend.tests.test_lobiimo_backend" name="test_admin_login" time="0.275" /><testcase classname="backend.tests.test_lobiimo_backend" name="test_auth_me" time="0.052" /><testcase classname="backend.tests.test_lobiimo_backend" name="test_login_wrong_password" time="0.270" /><testcase classname="backend.tests.test_lobiimo_backend" name="test_owner_creates_location" time="0.059" /><testcase classname="backend.tests.test_lobiimo_backend" name="test_owner_creates_vente" time="0.054" /><testcase classname="backend.tests.test_lobiimo_backend" name="test_client_does_not_see_pending" time="0.053" /><testcase classname="backend.tests.test_lobiimo_backend" name="test_admin_publishes_both" time="0.118" /><testcase classname="backend.tests.test_lobiimo_backend" name="test_client_sees_published" time="0.053" /><testcase classname="backend.tests.test_lobiimo_backend" name="test_filter_by_type_location" time="0.053" /><testcase classname="backend.tests.test_lobiimo_backend" name="test_filter_by_type_vente" time="0.051" /><testcase classname="backend.tests.test_lobiimo_backend" name="test_property_detail" time="0.048" /><testcase classname="backend.tests.test_lobiimo_backend" name="test_owner_cannot_delete_other_owner_property" time="0.052" /><testcase classname="backend.tests.test_lobiimo_backend" name="test_client_add_favorite" time="0.061" /><testcase classname="backend.tests.test_lobiimo_backend" name="test_client_list_favorites" time="0.052" /><testcase classname="backend.tests.test_lobiimo_backend" name="test_client_remove_favorite" time="0.107" /><testcase classname="backend.tests.test_lobiimo_backend" name="test_owner_cannot_access_favorites" time="0.057" /><testcase classname="backend.tests.test_lobiimo_backend" name="test_client_creates_interest_location" time="0.070" /><testcase classname="backend.tests.test_lobiimo_backend" name="test_client_creates_interest_vente" time="0.065" /><testcase classname="backend.tests.test_lobiimo_backend" name="test_client_lists_own_interests" time="0.059" /><testcase classname="backend.tests.test_lobiimo_backend" name="test_owner_sees_only_own_properties_interests" time="0.053" /><testcase classname="backend.tests.test_lobiimo_backend" name="test_owner2_does_not_see_others_interests" time="0.056" /><testcase classname="backend.tests.test_lobiimo_backend" name="test_admin_sees_all_interests" time="0.056" /><testcase classname="backend.tests.test_lobiimo_backend" name="test_admin_updates_interest_status" time="0.111" /><testcase classname="backend.tests.test_lobiimo_backend" name="test_client_cannot_patch_interest" time="0.055" /><testcase classname="backend.tests.test_lobiimo_backend" name="test_manual_payment_location_commission" time="0.074" /><testcase classname="backend.tests.test_lobiimo_backend" name="test_manual_payment_vente_commission" time="0.064" /><testcase classname="backend.tests.test_lobiimo_backend" name="test_list_payments" time="0.067" /><testcase classname="backend.tests.test_lobiimo_backend" name="test_stripe_payment_creation" time="0.552" /><testcase classname="backend.tests.test_lobiimo_backend" name="test_mark_paid_transitions_pending_to_paid" time="0.063" /><testcase classname="backend.tests.test_lobiimo_backend" name="test_admin_stats" time="0.060" /><testcase classname="backend.tests.test_lobiimo_backend" name="test_admin_users_list" time="0.051" /><testcase classname="backend.tests.test_lobiimo_backend" name="test_client_cannot_create_property" time="0.052" /><testcase classname="backend.tests.test_lobiimo_backend" name="test_non_admin_cannot_access_admin_stats" time="0.112" /><testcase classname="backend.tests.test_lobiimo_backend" name="test_non_admin_cannot_access_admin_users" time="0.072" /><testcase classname="backend.tests.test_lobiimo_backend" name="test_owner_cannot_patch_interest" time="0.053" /><testcase classname="backend.tests.test_lobiimo_backend" name="test_missing_token_returns_401" time="0.053" /></testsuite></testsuites>